[debug] [2022-06-09T23:37:54.304Z] ----------------------------------------------------------------------
[debug] [2022-06-09T23:37:54.305Z] Command:       /usr/bin/node /home/ch/.local/bin/firebase emulators:start --inspect-functions --only functions
[debug] [2022-06-09T23:37:54.306Z] CLI Version:   11.0.0
[debug] [2022-06-09T23:37:54.306Z] Platform:      linux
[debug] [2022-06-09T23:37:54.306Z] Node Version:  v16.15.0
[debug] [2022-06-09T23:37:54.306Z] Time:          Thu Jun 09 2022 20:37:54 GMT-0300 (Brasilia Standard Time)
[debug] [2022-06-09T23:37:54.306Z] ----------------------------------------------------------------------
[debug] 
[debug] [2022-06-09T23:37:54.348Z] > command requires scopes: ["email","openid","https://www.googleapis.com/auth/cloudplatformprojects.readonly","https://www.googleapis.com/auth/firebase","https://www.googleapis.com/auth/cloud-platform"]
[debug] [2022-06-09T23:37:54.349Z] > authorizing via signed-in user (chlouzada@gmail.com)
[info] i  emulators: Starting emulators: functions {"metadata":{"emulator":{"name":"hub"},"message":"Starting emulators: functions"}}
[debug] [2022-06-09T23:37:54.367Z] [hub] writing locator at /tmp/hub-solid-groove-351400.json
[warn] ⚠  functions: You are running the Functions emulator in debug mode (port=9229). This means that functions will execute in sequence rather than in parallel. {"metadata":{"emulator":{"name":"functions"},"message":"You are running the Functions emulator in debug mode (port=9229). This means that functions will execute in sequence rather than in parallel."}}
[warn] ⚠  functions: The following emulators are not running, calls to these services from the Functions emulator will affect production: auth, firestore, database, hosting, pubsub, storage {"metadata":{"emulator":{"name":"functions"},"message":"The following emulators are not running, calls to these services from the Functions emulator will affect production: \u001b[1mauth, firestore, database, hosting, pubsub, storage\u001b[22m"}}
[info] ✔  functions: Using node@16 from host. {"metadata":{"emulator":{"name":"functions"},"message":"Using node@16 from host."}}
[debug] [2022-06-09T23:37:54.379Z] defaultcredentials: writing to file /home/ch/.config/firebase/chlouzada_gmail_com_application_default_credentials.json
[debug] [2022-06-09T23:37:54.380Z] Setting GAC to /home/ch/.config/firebase/chlouzada_gmail_com_application_default_credentials.json {"metadata":{"emulator":{"name":"functions"},"message":"Setting GAC to /home/ch/.config/firebase/chlouzada_gmail_com_application_default_credentials.json"}}
[debug] [2022-06-09T23:37:54.381Z] >>> [apiv2][query] GET https://firebase.googleapis.com/v1beta1/projects/solid-groove-351400/adminSdkConfig [none]
[debug] [2022-06-09T23:37:55.609Z] <<< [apiv2][status] GET https://firebase.googleapis.com/v1beta1/projects/solid-groove-351400/adminSdkConfig 200
[debug] [2022-06-09T23:37:55.610Z] <<< [apiv2][body] GET https://firebase.googleapis.com/v1beta1/projects/solid-groove-351400/adminSdkConfig {"projectId":"solid-groove-351400","storageBucket":"solid-groove-351400.appspot.com"}
[warn] ⚠  ui: Emulator UI unable to start on port 4000, starting on 4001 instead. {"metadata":{"emulator":{"name":"ui"},"message":"Emulator UI unable to start on port 4000, starting on 4001 instead."}}
[debug] [2022-06-09T23:37:55.626Z] Ignoring unsupported arg: auto_download {"metadata":{"emulator":{"name":"ui"},"message":"Ignoring unsupported arg: auto_download"}}
[debug] [2022-06-09T23:37:55.626Z] Ignoring unsupported arg: port {"metadata":{"emulator":{"name":"ui"},"message":"Ignoring unsupported arg: port"}}
[debug] [2022-06-09T23:37:55.627Z] Starting Emulator UI with command {"binary":"node","args":["--dns-result-order=ipv4first","/home/ch/.cache/firebase/emulators/ui-v1.7.0/server.bundle.js"],"optionalArgs":[],"joinArgs":false} {"metadata":{"emulator":{"name":"ui"},"message":"Starting Emulator UI with command {\"binary\":\"node\",\"args\":[\"--dns-result-order=ipv4first\",\"/home/ch/.cache/firebase/emulators/ui-v1.7.0/server.bundle.js\"],\"optionalArgs\":[],\"joinArgs\":false}"}}
[info] i  ui: Emulator UI logging to ui-debug.log {"metadata":{"emulator":{"name":"ui"},"message":"Emulator UI logging to \u001b[1mui-debug.log\u001b[22m"}}
[debug] [2022-06-09T23:37:55.719Z] Web / API server started at localhost:4001
 {"metadata":{"emulator":{"name":"ui"},"message":"Web / API server started at localhost:4001\n"}}
[info] i  functions: Watching "/home/ch/repositories/turborepo-poc/apps/gcp/" for Cloud Functions... {"metadata":{"emulator":{"name":"functions"},"message":"Watching \"/home/ch/repositories/turborepo-poc/apps/gcp/\" for Cloud Functions..."}}
[debug] [2022-06-09T23:37:55.896Z] Validating nodejs source
[debug] [2022-06-09T23:37:56.605Z] checkFunctionsSDKVersion encountered error:Invalid Version:  {}
[debug] [2022-06-09T23:37:56.606Z] > [functions] package.json contents: {
  "name": "functions",
  "scripts": {
    "build": "tsc",
    "build:watch": "tsc --watch",
    "serve": "npm run build && firebase emulators:start --only functions",
    "shell": "npm run build && firebase functions:shell",
    "start": "npm run shell",
    "deploy": "firebase deploy --only functions",
    "logs": "firebase functions:log",
    "dev": "nodemon --watch src --exec \"npm run build && firebase emulators:start --inspect-functions --only functions\" -e js,ts"
  },
  "engines": {
    "node": "16"
  },
  "main": "lib/index.js",
  "dependencies": {
    "firebase-admin": "^10.2.0",
    "firebase-functions": "^3.21.0"
  },
  "devDependencies": {
    "nodemon": "^2.0.16",
    "typescript": "^4.6.4"
  },
  "private": true
}
[debug] [2022-06-09T23:37:56.607Z] Building nodejs source
[debug] [2022-06-09T23:37:56.607Z] Analyzing nodejs backend spec
[debug] [2022-06-09T23:37:57.912Z] Could not parse firebase-functions version '' into semver. Falling back to parseTriggers.
[info] ✔  functions[us-central1-helloWorld]: http function initialized (http://localhost:5001/solid-groove-351400/us-central1/helloWorld). {"metadata":{"emulator":{"name":"functions"},"message":"\u001b[1mhttp\u001b[22m function initialized (http://localhost:5001/solid-groove-351400/us-central1/helloWorld)."}}
[debug] [2022-06-09T23:37:57.993Z] [worker-pool] addWorker(~shared~) {"metadata":{"emulator":{"name":"functions"},"message":"[worker-pool] addWorker(~shared~)"}}
[debug] [2022-06-09T23:37:57.993Z] [worker-pool] Adding worker with key ~shared~, total=1 {"metadata":{"emulator":{"name":"functions"},"message":"[worker-pool] Adding worker with key ~shared~, total=1"}}
[info] 
┌─────────────────────────────────────────────────────────────┐
│ ✔  All emulators ready! It is now safe to connect your app. │
│ i  View Emulator UI at http://localhost:4001                │
└─────────────────────────────────────────────────────────────┘

┌───────────┬────────────────┬─────────────────────────────────┐
│ Emulator  │ Host:Port      │ View in Emulator UI             │
├───────────┼────────────────┼─────────────────────────────────┤
│ Functions │ localhost:5001 │ http://localhost:4001/functions │
└───────────┴────────────────┴─────────────────────────────────┘
  Emulator Hub running at localhost:4400
  Other reserved ports: 4500

Issues? Report them at https://github.com/firebase/firebase-tools/issues and attach the *-debug.log files.
 
[info] >  Debugger listening on ws://localhost:9229/43b47151-ba09-4725-a842-b7b320aca7dd {"user":"Debugger listening on ws://localhost:9229/43b47151-ba09-4725-a842-b7b320aca7dd","metadata":{"emulator":{"name":"functions"},"message":"\u001b[90m> \u001b[39m Debugger listening on ws://localhost:9229/43b47151-ba09-4725-a842-b7b320aca7dd"}}
[info] >  Debugger listening on ws://localhost:9229/43b47151-ba09-4725-a842-b7b320aca7dd {"user":"Debugger listening on ws://localhost:9229/43b47151-ba09-4725-a842-b7b320aca7dd","metadata":{"emulator":{"name":"functions"},"message":"\u001b[90m> \u001b[39m Debugger listening on ws://localhost:9229/43b47151-ba09-4725-a842-b7b320aca7dd"}}
[info] >  For help, see: https://nodejs.org/en/docs/inspector {"user":"For help, see: https://nodejs.org/en/docs/inspector","metadata":{"emulator":{"name":"functions"},"message":"\u001b[90m> \u001b[39m For help, see: https://nodejs.org/en/docs/inspector"}}
[debug] [2022-06-09T23:37:58.514Z] [runtime-status] [113697] Functions runtime initialized. {"cwd":"/home/ch/repositories/turborepo-poc/apps/gcp","node_version":"16.15.0"} {"metadata":{"emulator":{"name":"functions"},"message":"[runtime-status] [113697] Functions runtime initialized. {\"cwd\":\"/home/ch/repositories/turborepo-poc/apps/gcp\",\"node_version\":\"16.15.0\"}"}}
[debug] [2022-06-09T23:39:14.369Z] ----------------------------------------------------------------------
[debug] [2022-06-09T23:39:14.370Z] Command:       /usr/bin/node /home/ch/.local/bin/firebase emulators:start --inspect-functions --only functions
[debug] [2022-06-09T23:39:14.371Z] CLI Version:   11.0.0
[debug] [2022-06-09T23:39:14.371Z] Platform:      linux
[debug] [2022-06-09T23:39:14.371Z] Node Version:  v16.15.0
[debug] [2022-06-09T23:39:14.371Z] Time:          Thu Jun 09 2022 20:39:14 GMT-0300 (Brasilia Standard Time)
[debug] [2022-06-09T23:39:14.371Z] ----------------------------------------------------------------------
[debug] 
[debug] [2022-06-09T23:39:14.422Z] > command requires scopes: ["email","openid","https://www.googleapis.com/auth/cloudplatformprojects.readonly","https://www.googleapis.com/auth/firebase","https://www.googleapis.com/auth/cloud-platform"]
[debug] [2022-06-09T23:39:14.423Z] > authorizing via signed-in user (chlouzada@gmail.com)
[info] i  emulators: Starting emulators: functions {"metadata":{"emulator":{"name":"hub"},"message":"Starting emulators: functions"}}
[warn] ⚠  hub: emulator hub unable to start on port 4400, starting on 4401 instead. {"metadata":{"emulator":{"name":"hub"},"message":"emulator hub unable to start on port 4400, starting on 4401 instead."}}
[warn] ⚠  emulators: It seems that you are running multiple instances of the emulator suite for project solid-groove-351400. This may result in unexpected behavior. 
[debug] [2022-06-09T23:39:14.445Z] [hub] writing locator at /tmp/hub-solid-groove-351400.json
[warn] ⚠  functions: You are running the Functions emulator in debug mode (port=9229). This means that functions will execute in sequence rather than in parallel. {"metadata":{"emulator":{"name":"functions"},"message":"You are running the Functions emulator in debug mode (port=9229). This means that functions will execute in sequence rather than in parallel."}}
[warn] ⚠  functions: The following emulators are not running, calls to these services from the Functions emulator will affect production: auth, firestore, database, hosting, pubsub, storage {"metadata":{"emulator":{"name":"functions"},"message":"The following emulators are not running, calls to these services from the Functions emulator will affect production: \u001b[1mauth, firestore, database, hosting, pubsub, storage\u001b[22m"}}
[info] ✔  functions: Using node@16 from host. {"metadata":{"emulator":{"name":"functions"},"message":"Using node@16 from host."}}
[debug] [2022-06-09T23:39:14.460Z] defaultcredentials: writing to file /home/ch/.config/firebase/chlouzada_gmail_com_application_default_credentials.json
[debug] [2022-06-09T23:39:14.460Z] Setting GAC to /home/ch/.config/firebase/chlouzada_gmail_com_application_default_credentials.json {"metadata":{"emulator":{"name":"functions"},"message":"Setting GAC to /home/ch/.config/firebase/chlouzada_gmail_com_application_default_credentials.json"}}
[debug] [2022-06-09T23:39:14.462Z] >>> [apiv2][query] GET https://firebase.googleapis.com/v1beta1/projects/solid-groove-351400/adminSdkConfig [none]
[debug] [2022-06-09T23:39:15.064Z] <<< [apiv2][status] GET https://firebase.googleapis.com/v1beta1/projects/solid-groove-351400/adminSdkConfig 200
[debug] [2022-06-09T23:39:15.064Z] <<< [apiv2][body] GET https://firebase.googleapis.com/v1beta1/projects/solid-groove-351400/adminSdkConfig {"projectId":"solid-groove-351400","storageBucket":"solid-groove-351400.appspot.com"}
[debug] [2022-06-09T23:39:15.071Z] Error: listen EADDRINUSE: address already in use 127.0.0.1:5001
    at Server.setupListenHandle [as _listen2] (node:net:1372:16)
    at listenInCluster (node:net:1420:12)
    at GetAddrInfoReqWrap.doListen [as callback] (node:net:1559:7)
    at GetAddrInfoReqWrap.onlookup [as oncomplete] (node:dns:73:8)
[error] 
[error] Error: An unexpected error has occurred.
[warn] ⚠  logging: Logging Emulator unable to start on port 4500, starting on 4501 instead. {"metadata":{"emulator":{"name":"logging"},"message":"Logging Emulator unable to start on port 4500, starting on 4501 instead."}}
[warn] ⚠  ui: Emulator UI unable to start on port 4000, starting on 4002 instead. {"metadata":{"emulator":{"name":"ui"},"message":"Emulator UI unable to start on port 4000, starting on 4002 instead."}}
[debug] [2022-06-09T23:39:15.086Z] Ignoring unsupported arg: auto_download {"metadata":{"emulator":{"name":"ui"},"message":"Ignoring unsupported arg: auto_download"}}
[debug] [2022-06-09T23:39:15.086Z] Ignoring unsupported arg: port {"metadata":{"emulator":{"name":"ui"},"message":"Ignoring unsupported arg: port"}}
[debug] [2022-06-09T23:39:15.086Z] Starting Emulator UI with command {"binary":"node","args":["--dns-result-order=ipv4first","/home/ch/.cache/firebase/emulators/ui-v1.7.0/server.bundle.js"],"optionalArgs":[],"joinArgs":false} {"metadata":{"emulator":{"name":"ui"},"message":"Starting Emulator UI with command {\"binary\":\"node\",\"args\":[\"--dns-result-order=ipv4first\",\"/home/ch/.cache/firebase/emulators/ui-v1.7.0/server.bundle.js\"],\"optionalArgs\":[],\"joinArgs\":false}"}}
[info] i  ui: Emulator UI logging to ui-debug.log {"metadata":{"emulator":{"name":"ui"},"message":"Emulator UI logging to \u001b[1mui-debug.log\u001b[22m"}}
[debug] [2022-06-09T23:39:15.165Z] Web / API server started at localhost:4002
 {"metadata":{"emulator":{"name":"ui"},"message":"Web / API server started at localhost:4002\n"}}
